Performing C SOURCE FILE Test CMAKE_HAVE_LIBC_PTHREAD failed with the following output:
Change Dir: /home/aufish/Documents/grasp_data/grasp_gen_prod/grasp_src/CMakeFiles/CMakeTmp

Run Build Command(s):/usr/bin/make cmTC_8106d/fast && /usr/bin/make -f CMakeFiles/cmTC_8106d.dir/build.make CMakeFiles/cmTC_8106d.dir/build
make[1]: Entering directory '/home/aufish/Documents/grasp_data/grasp_gen_prod/grasp_src/CMakeFiles/CMakeTmp'
Building C object CMakeFiles/cmTC_8106d.dir/src.c.o
/usr/bin/cc   -fPIC -DCMAKE_HAVE_LIBC_PTHREAD   -o CMakeFiles/cmTC_8106d.dir/src.c.o   -c /home/aufish/Documents/grasp_data/grasp_gen_prod/grasp_src/CMakeFiles/CMakeTmp/src.c
Linking C executable cmTC_8106d
/usr/bin/cmake -E cmake_link_script CMakeFiles/cmTC_8106d.dir/link.txt --verbose=1
/usr/bin/cc -fPIC -DCMAKE_HAVE_LIBC_PTHREAD     CMakeFiles/cmTC_8106d.dir/src.c.o  -o cmTC_8106d 
/usr/bin/ld: CMakeFiles/cmTC_8106d.dir/src.c.o: in function `main':
src.c:(.text+0x46): undefined reference to `pthread_create'
/usr/bin/ld: src.c:(.text+0x52): undefined reference to `pthread_detach'
/usr/bin/ld: src.c:(.text+0x63): undefined reference to `pthread_join'
collect2: error: ld returned 1 exit status
make[1]: *** [CMakeFiles/cmTC_8106d.dir/build.make:87: cmTC_8106d] Error 1
make[1]: Leaving directory '/home/aufish/Documents/grasp_data/grasp_gen_prod/grasp_src/CMakeFiles/CMakeTmp'
make: *** [Makefile:121: cmTC_8106d/fast] Error 2


Source file was:
#include <pthread.h>

void* test_func(void* data)
{
  return data;
}

int main(void)
{
  pthread_t thread;
  pthread_create(&thread, NULL, test_func, NULL);
  pthread_detach(thread);
  pthread_join(thread, NULL);
  pthread_atfork(NULL, NULL, NULL);
  pthread_exit(NULL);

  return 0;
}

Determining if the function pthread_create exists in the pthreads failed with the following output:
Change Dir: /home/aufish/Documents/grasp_data/grasp_gen_prod/grasp_src/CMakeFiles/CMakeTmp

Run Build Command(s):/usr/bin/make cmTC_88c7a/fast && /usr/bin/make -f CMakeFiles/cmTC_88c7a.dir/build.make CMakeFiles/cmTC_88c7a.dir/build
make[1]: Entering directory '/home/aufish/Documents/grasp_data/grasp_gen_prod/grasp_src/CMakeFiles/CMakeTmp'
Building C object CMakeFiles/cmTC_88c7a.dir/CheckFunctionExists.c.o
/usr/bin/cc   -fPIC -DCHECK_FUNCTION_EXISTS=pthread_create   -o CMakeFiles/cmTC_88c7a.dir/CheckFunctionExists.c.o   -c /usr/share/cmake-3.16/Modules/CheckFunctionExists.c
Linking C executable cmTC_88c7a
/usr/bin/cmake -E cmake_link_script CMakeFiles/cmTC_88c7a.dir/link.txt --verbose=1
/usr/bin/cc -fPIC -DCHECK_FUNCTION_EXISTS=pthread_create     CMakeFiles/cmTC_88c7a.dir/CheckFunctionExists.c.o  -o cmTC_88c7a  -lpthreads 
/usr/bin/ld: cannot find -lpthreads
collect2: error: ld returned 1 exit status
make[1]: *** [CMakeFiles/cmTC_88c7a.dir/build.make:87: cmTC_88c7a] Error 1
make[1]: Leaving directory '/home/aufish/Documents/grasp_data/grasp_gen_prod/grasp_src/CMakeFiles/CMakeTmp'
make: *** [Makefile:121: cmTC_88c7a/fast] Error 2



Performing C SOURCE FILE Test CMAKE_HAVE_LIBC_PTHREAD failed with the following output:
Change Dir: /home/aufish/Documents/grasp_data/grasp_gen_prod/grasp_src/CMakeFiles/CMakeTmp

Run Build Command(s):/usr/bin/make cmTC_a7958/fast && make[1]: Entering directory '/home/aufish/Documents/grasp_data/grasp_gen_prod/grasp_src/CMakeFiles/CMakeTmp'
/usr/bin/make -f CMakeFiles/cmTC_a7958.dir/build.make CMakeFiles/cmTC_a7958.dir/build
make[2]: Entering directory '/home/aufish/Documents/grasp_data/grasp_gen_prod/grasp_src/CMakeFiles/CMakeTmp'
Building C object CMakeFiles/cmTC_a7958.dir/src.c.o
/usr/bin/cc   -fPIC -DCMAKE_HAVE_LIBC_PTHREAD   -o CMakeFiles/cmTC_a7958.dir/src.c.o   -c /home/aufish/Documents/grasp_data/grasp_gen_prod/grasp_src/CMakeFiles/CMakeTmp/src.c
Linking C executable cmTC_a7958
/usr/bin/cmake -E cmake_link_script CMakeFiles/cmTC_a7958.dir/link.txt --verbose=1
/usr/bin/cc -fPIC -DCMAKE_HAVE_LIBC_PTHREAD     CMakeFiles/cmTC_a7958.dir/src.c.o  -o cmTC_a7958 
/usr/bin/ld: CMakeFiles/cmTC_a7958.dir/src.c.o: in function `main':
src.c:(.text+0x46): undefined reference to `pthread_create'
/usr/bin/ld: src.c:(.text+0x52): undefined reference to `pthread_detach'
/usr/bin/ld: src.c:(.text+0x63): undefined reference to `pthread_join'
collect2: error: ld returned 1 exit status
make[2]: *** [CMakeFiles/cmTC_a7958.dir/build.make:87: cmTC_a7958] Error 1
make[2]: Leaving directory '/home/aufish/Documents/grasp_data/grasp_gen_prod/grasp_src/CMakeFiles/CMakeTmp'
make[1]: *** [Makefile:121: cmTC_a7958/fast] Error 2
make[1]: Leaving directory '/home/aufish/Documents/grasp_data/grasp_gen_prod/grasp_src/CMakeFiles/CMakeTmp'


Source file was:
#include <pthread.h>

void* test_func(void* data)
{
  return data;
}

int main(void)
{
  pthread_t thread;
  pthread_create(&thread, NULL, test_func, NULL);
  pthread_detach(thread);
  pthread_join(thread, NULL);
  pthread_atfork(NULL, NULL, NULL);
  pthread_exit(NULL);

  return 0;
}

Determining if the function pthread_create exists in the pthreads failed with the following output:
Change Dir: /home/aufish/Documents/grasp_data/grasp_gen_prod/grasp_src/CMakeFiles/CMakeTmp

Run Build Command(s):/usr/bin/make cmTC_d4c45/fast && make[1]: Entering directory '/home/aufish/Documents/grasp_data/grasp_gen_prod/grasp_src/CMakeFiles/CMakeTmp'
/usr/bin/make -f CMakeFiles/cmTC_d4c45.dir/build.make CMakeFiles/cmTC_d4c45.dir/build
make[2]: Entering directory '/home/aufish/Documents/grasp_data/grasp_gen_prod/grasp_src/CMakeFiles/CMakeTmp'
Building C object CMakeFiles/cmTC_d4c45.dir/CheckFunctionExists.c.o
/usr/bin/cc   -fPIC -DCHECK_FUNCTION_EXISTS=pthread_create   -o CMakeFiles/cmTC_d4c45.dir/CheckFunctionExists.c.o   -c /usr/share/cmake-3.16/Modules/CheckFunctionExists.c
Linking C executable cmTC_d4c45
/usr/bin/cmake -E cmake_link_script CMakeFiles/cmTC_d4c45.dir/link.txt --verbose=1
/usr/bin/cc -fPIC -DCHECK_FUNCTION_EXISTS=pthread_create     CMakeFiles/cmTC_d4c45.dir/CheckFunctionExists.c.o  -o cmTC_d4c45  -lpthreads 
/usr/bin/ld: cannot find -lpthreads
collect2: error: ld returned 1 exit status
make[2]: *** [CMakeFiles/cmTC_d4c45.dir/build.make:87: cmTC_d4c45] Error 1
make[2]: Leaving directory '/home/aufish/Documents/grasp_data/grasp_gen_prod/grasp_src/CMakeFiles/CMakeTmp'
make[1]: *** [Makefile:121: cmTC_d4c45/fast] Error 2
make[1]: Leaving directory '/home/aufish/Documents/grasp_data/grasp_gen_prod/grasp_src/CMakeFiles/CMakeTmp'



